# JRE version: OpenJDK Runtime Environment Temurin-17.0.12+7 (17.0.12+7) (build 17.0.12+7)
# Java VM: OpenJDK 64-Bit Server VM Temurin-17.0.12+7 (17.0.12+7, mixed mode, tiered, compressed oops, compressed class ptrs, parallel gc, windows-amd64)
GC Precious Log:
 CPUs: 4 total, 4 available
 Memory: 8060M
 Large Page Support: Disabled
 NUMA Support: Disabled
 Compressed Oops: Enabled (32-bit)
 Alignments: Space 512K, Generation 512K, Heap 2M
 Heap Min Capacity: 100M
 Heap Initial Capacity: 100M
 Heap Max Capacity: 1G
 Pre-touch: Disabled
 Parallel Workers: 4
Heap:
 PSYoungGen      total 6656K, used 3041K [0x00000000eab00000, 0x00000000eba80000, 0x0000000100000000)
  eden space 3584K, 0% used [0x00000000eab00000,0x00000000eab00000,0x00000000eae80000)
  from space 3072K, 99% used [0x00000000eae80000,0x00000000eb1786d0,0x00000000eb180000)
  to   space 6144K, 0% used [0x00000000eb480000,0x00000000eb480000,0x00000000eba80000)
 ParOldGen       total 168960K, used 166275K [0x00000000c0000000, 0x00000000ca500000, 0x00000000eab00000)
  object space 168960K, 98% used [0x00000000c0000000,0x00000000ca260f90,0x00000000ca500000)
 Metaspace       used 110732K, committed 112192K, reserved 1179648K
  class space    used 11017K, committed 11648K, reserved 1048576K
GC Heap History (20 events):
Event: 12524.408 GC heap after
{Heap after GC invocations=9581 (full 217):
 PSYoungGen      total 4608K, used 192K [0x00000000eab00000, 0x00000000eb180000, 0x0000000100000000)
  eden space 4096K, 0% used [0x00000000eab00000,0x00000000eab00000,0x00000000eaf00000)
  from space 512K, 37% used [0x00000000eb100000,0x00000000eb130000,0x00000000eb180000)
  to   space 512K, 0% used [0x00000000eb080000,0x00000000eb080000,0x00000000eb100000)
 ParOldGen       total 168960K, used 148172K [0x00000000c0000000, 0x00000000ca500000, 0x00000000eab00000)
  object space 168960K, 87% used [0x00000000c0000000,0x00000000c90b32a0,0x00000000ca500000)
 Metaspace       used 110636K, committed 112128K, reserved 1179648K
  class space    used 11001K, committed 11648K, reserved 1048576K
}
Event: 12524.521 GC heap before
{Heap before GC invocations=9582 (full 217):
 PSYoungGen      total 4608K, used 4287K [0x00000000eab00000, 0x00000000eb180000, 0x0000000100000000)
  eden space 4096K, 99% used [0x00000000eab00000,0x00000000eaefff58,0x00000000eaf00000)
  from space 512K, 37% used [0x00000000eb100000,0x00000000eb130000,0x00000000eb180000)
  to   space 512K, 0% used [0x00000000eb080000,0x00000000eb080000,0x00000000eb100000)
 ParOldGen       total 168960K, used 148172K [0x00000000c0000000, 0x00000000ca500000, 0x00000000eab00000)
  object space 168960K, 87% used [0x00000000c0000000,0x00000000c90b32a0,0x00000000ca500000)
 Metaspace       used 110732K, committed 112192K, reserved 1179648K
  class space    used 11017K, committed 11648K, reserved 1048576K
}
Event: 12524.524 GC heap after
{Heap after GC invocations=9582 (full 217):
 PSYoungGen      total 4608K, used 501K [0x00000000eab00000, 0x00000000eb400000, 0x0000000100000000)
  eden space 4096K, 0% used [0x00000000eab00000,0x00000000eab00000,0x00000000eaf00000)
  from space 512K, 98% used [0x00000000eb080000,0x00000000eb0fd7e0,0x00000000eb100000)
  to   space 2560K, 0% used [0x00000000eb180000,0x00000000eb180000,0x00000000eb400000)
 ParOldGen       total 168960K, used 149645K [0x00000000c0000000, 0x00000000ca500000, 0x00000000eab00000)
  object space 168960K, 88% used [0x00000000c0000000,0x00000000c92234c0,0x00000000ca500000)
 Metaspace       used 110732K, committed 112192K, reserved 1179648K
  class space    used 11017K, committed 11648K, reserved 1048576K
}
Event: 12524.532 GC heap before
{Heap before GC invocations=9583 (full 217):
 PSYoungGen      total 4608K, used 4597K [0x00000000eab00000, 0x00000000eb400000, 0x0000000100000000)
  eden space 4096K, 99% used [0x00000000eab00000,0x00000000eaefffd8,0x00000000eaf00000)
  from space 512K, 98% used [0x00000000eb080000,0x00000000eb0fd7e0,0x00000000eb100000)
  to   space 2560K, 0% used [0x00000000eb180000,0x00000000eb180000,0x00000000eb400000)
 ParOldGen       total 168960K, used 149645K [0x00000000c0000000, 0x00000000ca500000, 0x00000000eab00000)
  object space 168960K, 88% used [0x00000000c0000000,0x00000000c92234c0,0x00000000ca500000)
 Metaspace       used 110732K, committed 112192K, reserved 1179648K
  class space    used 11017K, committed 11648K, reserved 1048576K
}
Event: 12524.539 GC heap after
{Heap after GC invocations=9583 (full 217):
 PSYoungGen      total 4096K, used 2560K [0x00000000eab00000, 0x00000000eba00000, 0x0000000100000000)
  eden space 1536K, 0% used [0x00000000eab00000,0x00000000eab00000,0x00000000eac80000)
  from space 2560K, 100% used [0x00000000eb180000,0x00000000eb400000,0x00000000eb400000)
  to   space 5120K, 0% used [0x00000000eac80000,0x00000000eac80000,0x00000000eb180000)
 ParOldGen       total 168960K, used 151647K [0x00000000c0000000, 0x00000000ca500000, 0x00000000eab00000)
  object space 168960K, 89% used [0x00000000c0000000,0x00000000c9417f90,0x00000000ca500000)
 Metaspace       used 110732K, committed 112192K, reserved 1179648K
  class space    used 11017K, committed 11648K, reserved 1048576K
}
Event: 12524.542 GC heap before
{Heap before GC invocations=9584 (full 217):
 PSYoungGen      total 4096K, used 4096K [0x00000000eab00000, 0x00000000eba00000, 0x0000000100000000)
  eden space 1536K, 100% used [0x00000000eab00000,0x00000000eac80000,0x00000000eac80000)
  from space 2560K, 100% used [0x00000000eb180000,0x00000000eb400000,0x00000000eb400000)
  to   space 5120K, 0% used [0x00000000eac80000,0x00000000eac80000,0x00000000eb180000)
 ParOldGen       total 168960K, used 151647K [0x00000000c0000000, 0x00000000ca500000, 0x00000000eab00000)
  object space 168960K, 89% used [0x00000000c0000000,0x00000000c9417f90,0x00000000ca500000)
 Metaspace       used 110732K, committed 112192K, reserved 1179648K
  class space    used 11017K, committed 11648K, reserved 1048576K
}
Event: 12524.544 GC heap after
{Heap after GC invocations=9584 (full 217):
 PSYoungGen      total 3584K, used 1568K [0x00000000eab00000, 0x00000000eb300000, 0x0000000100000000)
  eden space 1536K, 0% used [0x00000000eab00000,0x00000000eab00000,0x00000000eac80000)
  from space 2048K, 76% used [0x00000000eac80000,0x00000000eae08000,0x00000000eae80000)
  to   space 3072K, 0% used [0x00000000eb000000,0x00000000eb000000,0x00000000eb300000)
 ParOldGen       total 168960K, used 154239K [0x00000000c0000000, 0x00000000ca500000, 0x00000000eab00000)
  object space 168960K, 91% used [0x00000000c0000000,0x00000000c969ff90,0x00000000ca500000)
 Metaspace       used 110732K, committed 112192K, reserved 1179648K
  class space    used 11017K, committed 11648K, reserved 1048576K
}
Event: 12524.548 GC heap before
{Heap before GC invocations=9585 (full 217):
 PSYoungGen      total 3584K, used 3104K [0x00000000eab00000, 0x00000000eb300000, 0x0000000100000000)
  eden space 1536K, 100% used [0x00000000eab00000,0x00000000eac80000,0x00000000eac80000)
  from space 2048K, 76% used [0x00000000eac80000,0x00000000eae08000,0x00000000eae80000)
  to   space 3072K, 0% used [0x00000000eb000000,0x00000000eb000000,0x00000000eb300000)
 ParOldGen       total 168960K, used 154239K [0x00000000c0000000, 0x00000000ca500000, 0x00000000eab00000)
  object space 168960K, 91% used [0x00000000c0000000,0x00000000c969ff90,0x00000000ca500000)
 Metaspace       used 110732K, committed 112192K, reserved 1179648K
  class space    used 11017K, committed 11648K, reserved 1048576K
}
Event: 12524.549 GC heap after
{Heap after GC invocations=9585 (full 217):
 PSYoungGen      total 4096K, used 1568K [0x00000000eab00000, 0x00000000eb200000, 0x0000000100000000)
  eden space 2048K, 0% used [0x00000000eab00000,0x00000000eab00000,0x00000000ead00000)
  from space 2048K, 76% used [0x00000000eb000000,0x00000000eb188000,0x00000000eb200000)
  to   space 2048K, 0% used [0x00000000eae00000,0x00000000eae00000,0x00000000eb000000)
 ParOldGen       total 168960K, used 155759K [0x00000000c0000000, 0x00000000ca500000, 0x00000000eab00000)
  object space 168960K, 92% used [0x00000000c0000000,0x00000000c981bf90,0x00000000ca500000)
 Metaspace       used 110732K, committed 112192K, reserved 1179648K
  class space    used 11017K, committed 11648K, reserved 1048576K
}
Event: 12524.553 GC heap before
{Heap before GC invocations=9586 (full 217):
 PSYoungGen      total 4096K, used 3616K [0x00000000eab00000, 0x00000000eb200000, 0x0000000100000000)
  eden space 2048K, 100% used [0x00000000eab00000,0x00000000ead00000,0x00000000ead00000)
  from space 2048K, 76% used [0x00000000eb000000,0x00000000eb188000,0x00000000eb200000)
  to   space 2048K, 0% used [0x00000000eae00000,0x00000000eae00000,0x00000000eb000000)
 ParOldGen       total 168960K, used 155759K [0x00000000c0000000, 0x00000000ca500000, 0x00000000eab00000)
  object space 168960K, 92% used [0x00000000c0000000,0x00000000c981bf90,0x00000000ca500000)
 Metaspace       used 110732K, committed 112192K, reserved 1179648K
  class space    used 11017K, committed 11648K, reserved 1048576K
}
Event: 12524.556 GC heap after
{Heap after GC invocations=9586 (full 217):
 PSYoungGen      total 4608K, used 2048K [0x00000000eab00000, 0x00000000eb580000, 0x0000000100000000)
  eden space 2560K, 0% used [0x00000000eab00000,0x00000000eab00000,0x00000000ead80000)
  from space 2048K, 100% used [0x00000000eae00000,0x00000000eb000000,0x00000000eb000000)
  to   space 4096K, 0% used [0x00000000eb180000,0x00000000eb180000,0x00000000eb580000)
 ParOldGen       total 168960K, used 157295K [0x00000000c0000000, 0x00000000ca500000, 0x00000000eab00000)
  object space 168960K, 93% used [0x00000000c0000000,0x00000000c999bf90,0x00000000ca500000)
 Metaspace       used 110732K, committed 112192K, reserved 1179648K
  class space    used 11017K, committed 11648K, reserved 1048576K
}
Event: 12524.561 GC heap before
{Heap before GC invocations=9587 (full 217):
 PSYoungGen      total 4608K, used 4607K [0x00000000eab00000, 0x00000000eb580000, 0x0000000100000000)
  eden space 2560K, 99% used [0x00000000eab00000,0x00000000ead7ff80,0x00000000ead80000)
  from space 2048K, 100% used [0x00000000eae00000,0x00000000eb000000,0x00000000eb000000)
  to   space 4096K, 0% used [0x00000000eb180000,0x00000000eb180000,0x00000000eb580000)
 ParOldGen       total 168960K, used 157295K [0x00000000c0000000, 0x00000000ca500000, 0x00000000eab00000)
  object space 168960K, 93% used [0x00000000c0000000,0x00000000c999bf90,0x00000000ca500000)
 Metaspace       used 110732K, committed 112192K, reserved 1179648K
  class space    used 11017K, committed 11648K, reserved 1048576K
}
Event: 12524.563 GC heap after
{Heap after GC invocations=9587 (full 217):
 PSYoungGen      total 6144K, used 2624K [0x00000000eab00000, 0x00000000eb480000, 0x0000000100000000)
  eden space 3072K, 0% used [0x00000000eab00000,0x00000000eab00000,0x00000000eae00000)
  from space 3072K, 85% used [0x00000000eb180000,0x00000000eb410000,0x00000000eb480000)
  to   space 3072K, 0% used [0x00000000eae80000,0x00000000eae80000,0x00000000eb180000)
 ParOldGen       total 168960K, used 159343K [0x00000000c0000000, 0x00000000ca500000, 0x00000000eab00000)
  object space 168960K, 94% used [0x00000000c0000000,0x00000000c9b9bf90,0x00000000ca500000)
 Metaspace       used 110732K, committed 112192K, reserved 1179648K
  class space    used 11017K, committed 11648K, reserved 1048576K
}
Event: 12524.577 GC heap before
{Heap before GC invocations=9588 (full 217):
 PSYoungGen      total 6144K, used 5508K [0x00000000eab00000, 0x00000000eb480000, 0x0000000100000000)
  eden space 3072K, 93% used [0x00000000eab00000,0x00000000eadd10b8,0x00000000eae00000)
  from space 3072K, 85% used [0x00000000eb180000,0x00000000eb410000,0x00000000eb480000)
  to   space 3072K, 0% used [0x00000000eae80000,0x00000000eae80000,0x00000000eb180000)
 ParOldGen       total 168960K, used 159343K [0x00000000c0000000, 0x00000000ca500000, 0x00000000eab00000)
  object space 168960K, 94% used [0x00000000c0000000,0x00000000c9b9bf90,0x00000000ca500000)
 Metaspace       used 110732K, committed 112192K, reserved 1179648K
  class space    used 11017K, committed 11648K, reserved 1048576K
}
Event: 12524.579 GC heap after
{Heap after GC invocations=9588 (full 217):
 PSYoungGen      total 6656K, used 2376K [0x00000000eab00000, 0x00000000eb400000, 0x0000000100000000)
  eden space 3584K, 0% used [0x00000000eab00000,0x00000000eab00000,0x00000000eae80000)
  from space 3072K, 77% used [0x00000000eae80000,0x00000000eb0d2000,0x00000000eb180000)
  to   space 2560K, 0% used [0x00000000eb180000,0x00000000eb180000,0x00000000eb400000)
 ParOldGen       total 168960K, used 161911K [0x00000000c0000000, 0x00000000ca500000, 0x00000000eab00000)
  object space 168960K, 95% used [0x00000000c0000000,0x00000000c9e1df90,0x00000000ca500000)
 Metaspace       used 110732K, committed 112192K, reserved 1179648K
  class space    used 11017K, committed 11648K, reserved 1048576K
}
Event: 12524.595 GC heap before
{Heap before GC invocations=9589 (full 217):
 PSYoungGen      total 6656K, used 4992K [0x00000000eab00000, 0x00000000eb400000, 0x0000000100000000)
  eden space 3584K, 73% used [0x00000000eab00000,0x00000000ead8e1e0,0x00000000eae80000)
  from space 3072K, 77% used [0x00000000eae80000,0x00000000eb0d2000,0x00000000eb180000)
  to   space 2560K, 0% used [0x00000000eb180000,0x00000000eb180000,0x00000000eb400000)
 ParOldGen       total 168960K, used 161911K [0x00000000c0000000, 0x00000000ca500000, 0x00000000eab00000)
  object space 168960K, 95% used [0x00000000c0000000,0x00000000c9e1df90,0x00000000ca500000)
 Metaspace       used 110732K, committed 112192K, reserved 1179648K
  class space    used 11017K, committed 11648K, reserved 1048576K
}
Event: 12524.598 GC heap after
{Heap after GC invocations=9589 (full 217):
 PSYoungGen      total 6144K, used 2556K [0x00000000eab00000, 0x00000000eb580000, 0x0000000100000000)
  eden space 3584K, 0% used [0x00000000eab00000,0x00000000eab00000,0x00000000eae80000)
  from space 2560K, 99% used [0x00000000eb180000,0x00000000eb3ff000,0x00000000eb400000)
  to   space 3072K, 0% used [0x00000000eae80000,0x00000000eae80000,0x00000000eb180000)
 ParOldGen       total 168960K, used 163715K [0x00000000c0000000, 0x00000000ca500000, 0x00000000eab00000)
  object space 168960K, 96% used [0x00000000c0000000,0x00000000c9fe0f90,0x00000000ca500000)
 Metaspace       used 110732K, committed 112192K, reserved 1179648K
  class space    used 11017K, committed 11648K, reserved 1048576K
}
Event: 12524.646 GC heap before
{Heap before GC invocations=9590 (full 217):
 PSYoungGen      total 6144K, used 6140K [0x00000000eab00000, 0x00000000eb580000, 0x0000000100000000)
  eden space 3584K, 100% used [0x00000000eab00000,0x00000000eae80000,0x00000000eae80000)
  from space 2560K, 99% used [0x00000000eb180000,0x00000000eb3ff000,0x00000000eb400000)
  to   space 3072K, 0% used [0x00000000eae80000,0x00000000eae80000,0x00000000eb180000)
 ParOldGen       total 168960K, used 163715K [0x00000000c0000000, 0x00000000ca500000, 0x00000000eab00000)
  object space 168960K, 96% used [0x00000000c0000000,0x00000000c9fe0f90,0x00000000ca500000)
 Metaspace       used 110732K, committed 112192K, reserved 1179648K
  class space    used 11017K, committed 11648K, reserved 1048576K
}
Event: 12524.650 GC heap after
{Heap after GC invocations=9590 (full 217):
 PSYoungGen      total 6656K, used 3041K [0x00000000eab00000, 0x00000000eba80000, 0x0000000100000000)
  eden space 3584K, 0% used [0x00000000eab00000,0x00000000eab00000,0x00000000eae80000)
  from space 3072K, 99% used [0x00000000eae80000,0x00000000eb1786d0,0x00000000eb180000)
  to   space 6144K, 0% used [0x00000000eb480000,0x00000000eb480000,0x00000000eba80000)
 ParOldGen       total 168960K, used 166275K [0x00000000c0000000, 0x00000000ca500000, 0x00000000eab00000)
  object space 168960K, 98% used [0x00000000c0000000,0x00000000ca260f90,0x00000000ca500000)
 Metaspace       used 110732K, committed 112192K, reserved 1179648K
  class space    used 11017K, committed 11648K, reserved 1048576K
}
Event: 12524.650 GC heap before
{Heap before GC invocations=9591 (full 218):
 PSYoungGen      total 6656K, used 3041K [0x00000000eab00000, 0x00000000eba80000, 0x0000000100000000)
  eden space 3584K, 0% used [0x00000000eab00000,0x00000000eab00000,0x00000000eae80000)
  from space 3072K, 99% used [0x00000000eae80000,0x00000000eb1786d0,0x00000000eb180000)
  to   space 6144K, 0% used [0x00000000eb480000,0x00000000eb480000,0x00000000eba80000)
 ParOldGen       total 168960K, used 166275K [0x00000000c0000000, 0x00000000ca500000, 0x00000000eab00000)
  object space 168960K, 98% used [0x00000000c0000000,0x00000000ca260f90,0x00000000ca500000)
 Metaspace       used 110732K, committed 112192K, reserved 1179648K
  class space    used 11017K, committed 11648K, reserved 1048576K
}

